GROUP,PACKAGE,CLASS,INSTRUCTION_MISSED,INSTRUCTION_COVERED,BRANCH_MISSED,BRANCH_COVERED,LINE_MISSED,LINE_COVERED,COMPLEXITY_MISSED,COMPLEXITY_COVERED,METHOD_MISSED,METHOD_COVERED
exercice11,com.example.supportticket.controller,SupportTicketController,17,45,0,0,7,12,2,4,2,4
exercice11,com.example.supportticket.controller,SupportTicketExceptionHandler,7,39,0,0,3,16,1,5,1,5
exercice11,com.example.supportticket.repository,InMemoryTicketRepository,12,75,0,0,4,18,1,5,1,5
exercice11,com.example.supportticket.service,SupportTicketService,19,88,6,13,5,18,7,11,2,6
