GROUP,PACKAGE,CLASS,INSTRUCTION_MISSED,INSTRUCTION_COVERED,BRANCH_MISSED,BRANCH_COVERED,LINE_MISSED,LINE_COVERED,COMPLEXITY_MISSED,COMPLEXITY_COVERED,METHOD_MISSED,METHOD_COVERED
exercice13,com.example.bank.controller,BankExceptionHandler,43,11,0,0,18,4,5,2,5,2
exercice13,com.example.bank.controller,AccountController,11,62,0,0,5,13,1,6,1,6
exercice13,com.example.bank.service,AccountService,4,137,0,10,2,28,1,14,1,9
exercice13,com.example.bank.repository,InMemoryAccountRepository,12,57,0,0,4,12,1,5,1,5
