<?xml version="1.0" encoding="UTF-8"?>
<testsuite xmlns:xsi="http://www.w3.org/2001/XMLSchema-instance" xsi:noNamespaceSchemaLocation="https://maven.apache.org/surefire/maven-surefire-plugin/xsd/surefire-test-report.xsd" version="3.0.2" name="com.example.demoapi.bdd.RunCucumberTest" time="0.866" tests="7" errors="0" skipped="0" failures="0">
  <properties>
[...]
</properties>
  <testcase name="Creation valide d un element" classname="RunCucumberTest" time="0.124">
    <system-out><![CDATA[2026-06-12T14:10:52.165+02:00  INFO 6136 --- [demo-api-spring-tdd-bdd] [           main] t.c.s.AnnotationConfigContextLoaderUtils : Could not detect default configuration classes for test class [com.example.demoapi.bdd.CucumberSpringConfiguration]: CucumberSpringConfiguration does not declare any static, non-private, non-final, nested classes annotated with @Configuration.
2026-06-12T14:10:52.176+02:00  INFO 6136 --- [demo-api-spring-tdd-bdd] [           main] .b.t.c.SpringBootTestContextBootstrapper : Found @SpringBootConfiguration com.example.demoapi.DemoApiApplication for test class com.example.demoapi.bdd.CucumberSpringConfiguration

Scenario: Creation valide d un element               &amp#27;[90m# features/demo-api.feature:5&amp#27;[0m
  &amp#27;[32mGiven &amp#27;[0m&amp#27;[32maucun element n existe dans l API&amp#27;[0m            &amp#27;[90m# com.example.demoapi.bdd.DemoApiStepDefinitions.noItemExists()&amp#27;[0m
  &amp#27;[32mWhen &amp#27;[0m&amp#27;[32mje cree un element avec le libelle &amp#27;[0m&amp#27;[32m&amp#27;[1m"demo bdd"&amp#27;[0m &amp#27;[90m# com.example.demoapi.bdd.DemoApiStepDefinitions.createItemWithLabel(java.lang.String)&amp#27;[0m
  &amp#27;[32mThen &amp#27;[0m&amp#27;[32mla reponse HTTP doit etre &amp#27;[0m&amp#27;[32m&amp#27;[1m201&amp#27;[0m                 &amp#27;[90m# com.example.demoapi.bdd.DemoApiStepDefinitions.responseStatusShouldBe(int)&amp#27;[0m
  &amp#27;[32mAnd &amp#27;[0m&amp#27;[32mla reponse contient le libelle &amp#27;[0m&amp#27;[32m&amp#27;[1m"demo bdd"&amp#27;[0m      &amp#27;[90m# com.example.demoapi.bdd.DemoApiStepDefinitions.responseShouldContainLabel(java.lang.String)&amp#27;[0m
]]></system-out>
  </testcase>
  <testcase name="Recuperation d un element cree" classname="RunCucumberTest" time="0.02">
    <system-out><![CDATA[2026-06-12T14:10:52.264+02:00  INFO 6136 --- [demo-api-spring-tdd-bdd] [           main] t.c.s.AnnotationConfigContextLoaderUtils : Could not detect default configuration classes for test class [com.example.demoapi.bdd.CucumberSpringConfiguration]: CucumberSpringConfiguration does not declare any static, non-private, non-final, nested classes annotated with @Configuration.
2026-06-12T14:10:52.266+02:00  INFO 6136 --- [demo-api-spring-tdd-bdd] [           main] .b.t.c.SpringBootTestContextBootstrapper : Found @SpringBootConfiguration com.example.demoapi.DemoApiApplication for test class com.example.demoapi.bdd.CucumberSpringConfiguration

Scenario: Recuperation d un element cree                        &amp#27;[90m# features/demo-api.feature:11&amp#27;[0m
  &amp#27;[32mGiven &amp#27;[0m&amp#27;[32maucun element n existe dans l API&amp#27;[0m                       &amp#27;[90m# com.example.demoapi.bdd.DemoApiStepDefinitions.noItemExists()&amp#27;[0m
  &amp#27;[32mWhen &amp#27;[0m&amp#27;[32mje cree un element avec le libelle &amp#27;[0m&amp#27;[32m&amp#27;[1m"element a retrouver"&amp#27;[0m &amp#27;[90m# com.example.demoapi.bdd.DemoApiStepDefinitions.createItemWithLabel(java.lang.String)&amp#27;[0m
  &amp#27;[32mAnd &amp#27;[0m&amp#27;[32mje demande l element cree&amp#27;[0m                                 &amp#27;[90m# com.example.demoapi.bdd.DemoApiStepDefinitions.getCreatedItem()&amp#27;[0m
  &amp#27;[32mThen &amp#27;[0m&amp#27;[32mla reponse HTTP doit etre &amp#27;[0m&amp#27;[32m&amp#27;[1m200&amp#27;[0m                            &amp#27;[90m# com.example.demoapi.bdd.DemoApiStepDefinitions.responseStatusShouldBe(int)&amp#27;[0m
  &amp#27;[32mAnd &amp#27;[0m&amp#27;[32mla reponse contient le libelle &amp#27;[0m&amp#27;[32m&amp#27;[1m"element a retrouver"&amp#27;[0m      &amp#27;[90m# com.example.demoapi.bdd.DemoApiStepDefinitions.responseShouldContainLabel(java.lang.String)&amp#27;[0m
]]></system-out>
  </testcase>
  <testcase name="Refus d une creation invalide" classname="RunCucumberTest" time="0.024">
    <system-out><![CDATA[2026-06-12T14:10:52.284+02:00  INFO 6136 --- [demo-api-spring-tdd-bdd] [           main] t.c.s.AnnotationConfigContextLoaderUtils : Could not detect default configuration classes for test class [com.example.demoapi.bdd.CucumberSpringConfiguration]: CucumberSpringConfiguration does not declare any static, non-private, non-final, nested classes annotated with @Configuration.
2026-06-12T14:10:52.287+02:00  INFO 6136 --- [demo-api-spring-tdd-bdd] [           main] .b.t.c.SpringBootTestContextBootstrapper : Found @SpringBootConfiguration com.example.demoapi.DemoApiApplication for test class com.example.demoapi.bdd.CucumberSpringConfiguration

Scenario: Refus d une creation invalide       &amp#27;[90m# features/demo-api.feature:18&amp#27;[0m
  &amp#27;[32mGiven &amp#27;[0m&amp#27;[32maucun element n existe dans l API&amp#27;[0m     &amp#27;[90m# com.example.demoapi.bdd.DemoApiStepDefinitions.noItemExists()&amp#27;[0m
  &amp#27;[32mWhen &amp#27;[0m&amp#27;[32mje cree un element avec le libelle &amp#27;[0m&amp#27;[32m&amp#27;[1m""&amp#27;[0m  &amp#27;[90m# com.example.demoapi.bdd.DemoApiStepDefinitions.createItemWithLabel(java.lang.String)&amp#27;[0m
  &amp#27;[32mThen &amp#27;[0m&amp#27;[32mla reponse HTTP doit etre &amp#27;[0m&amp#27;[32m&amp#27;[1m400&amp#27;[0m          &amp#27;[90m# com.example.demoapi.bdd.DemoApiStepDefinitions.responseStatusShouldBe(int)&amp#27;[0m
  &amp#27;[32mAnd &amp#27;[0m&amp#27;[32mla reponse contient un message d erreur&amp#27;[0m &amp#27;[90m# com.example.demoapi.bdd.DemoApiStepDefinitions.responseShouldContainErrorMessage()&amp#27;[0m
]]></system-out>
  </testcase>
  <testcase name="Element introuvable" classname="RunCucumberTest" time="0.019">
    <system-out><![CDATA[2026-06-12T14:10:52.308+02:00  INFO 6136 --- [demo-api-spring-tdd-bdd] [           main] t.c.s.AnnotationConfigContextLoaderUtils : Could not detect default configuration classes for test class [com.example.demoapi.bdd.CucumberSpringConfiguration]: CucumberSpringConfiguration does not declare any static, non-private, non-final, nested classes annotated with @Configuration.
2026-06-12T14:10:52.309+02:00  INFO 6136 --- [demo-api-spring-tdd-bdd] [           main] .b.t.c.SpringBootTestContextBootstrapper : Found @SpringBootConfiguration com.example.demoapi.DemoApiApplication for test class com.example.demoapi.bdd.CucumberSpringConfiguration

Scenario: Element introuvable                     &amp#27;[90m# features/demo-api.feature:24&amp#27;[0m
  &amp#27;[32mGiven &amp#27;[0m&amp#27;[32maucun element n existe dans l API&amp#27;[0m         &amp#27;[90m# com.example.demoapi.bdd.DemoApiStepDefinitions.noItemExists()&amp#27;[0m
  &amp#27;[32mWhen &amp#27;[0m&amp#27;[32mje demande l element avec l identifiant &amp#27;[0m&amp#27;[32m&amp#27;[1m99&amp#27;[0m &amp#27;[90m# com.example.demoapi.bdd.DemoApiStepDefinitions.getItemById(java.lang.Long)&amp#27;[0m
  &amp#27;[32mThen &amp#27;[0m&amp#27;[32mla reponse HTTP doit etre &amp#27;[0m&amp#27;[32m&amp#27;[1m404&amp#27;[0m              &amp#27;[90m# com.example.demoapi.bdd.DemoApiStepDefinitions.responseStatusShouldBe(int)&amp#27;[0m
  &amp#27;[32mAnd &amp#27;[0m&amp#27;[32mla reponse contient un message d erreur&amp#27;[0m     &amp#27;[90m# com.example.demoapi.bdd.DemoApiStepDefinitions.responseShouldContainErrorMessage()&amp#27;[0m
]]></system-out>
  </testcase>
  <testcase name="Example #1.1" classname="RunCucumberTest" time="0.016">
    <system-out><![CDATA[2026-06-12T14:10:52.327+02:00  INFO 6136 --- [demo-api-spring-tdd-bdd] [           main] t.c.s.AnnotationConfigContextLoaderUtils : Could not detect default configuration classes for test class [com.example.demoapi.bdd.CucumberSpringConfiguration]: CucumberSpringConfiguration does not declare any static, non-private, non-final, nested classes annotated with @Configuration.
2026-06-12T14:10:52.327+02:00  INFO 6136 --- [demo-api-spring-tdd-bdd] [           main] .b.t.c.SpringBootTestContextBootstrapper : Found @SpringBootConfiguration com.example.demoapi.DemoApiApplication for test class com.example.demoapi.bdd.CucumberSpringConfiguration

Scenario Outline: Creation d un element avec plusieurs jeux de donnees &amp#27;[90m# features/demo-api.feature:37&amp#27;[0m
  &amp#27;[32mGiven &amp#27;[0m&amp#27;[32maucun element n existe dans l API&amp#27;[0m                              &amp#27;[90m# com.example.demoapi.bdd.DemoApiStepDefinitions.noItemExists()&amp#27;[0m
  &amp#27;[32mWhen &amp#27;[0m&amp#27;[32mje cree un element avec le libelle &amp#27;[0m&amp#27;[32m&amp#27;[1m"element valide"&amp#27;[0m             &amp#27;[90m# com.example.demoapi.bdd.DemoApiStepDefinitions.createItemWithLabel(java.lang.String)&amp#27;[0m
  &amp#27;[32mThen &amp#27;[0m&amp#27;[32mla reponse HTTP doit etre &amp#27;[0m&amp#27;[32m&amp#27;[1m201&amp#27;[0m                                   &amp#27;[90m# com.example.demoapi.bdd.DemoApiStepDefinitions.responseStatusShouldBe(int)&amp#27;[0m
]]></system-out>
  </testcase>
  <testcase name="Example #1.2" classname="RunCucumberTest" time="0.017">
    <system-out><![CDATA[2026-06-12T14:10:52.344+02:00  INFO 6136 --- [demo-api-spring-tdd-bdd] [           main] t.c.s.AnnotationConfigContextLoaderUtils : Could not detect default configuration classes for test class [com.example.demoapi.bdd.CucumberSpringConfiguration]: CucumberSpringConfiguration does not declare any static, non-private, non-final, nested classes annotated with @Configuration.
2026-06-12T14:10:52.345+02:00  INFO 6136 --- [demo-api-spring-tdd-bdd] [           main] .b.t.c.SpringBootTestContextBootstrapper : Found @SpringBootConfiguration com.example.demoapi.DemoApiApplication for test class com.example.demoapi.bdd.CucumberSpringConfiguration

Scenario Outline: Creation d un element avec plusieurs jeux de donnees &amp#27;[90m# features/demo-api.feature:38&amp#27;[0m
  &amp#27;[32mGiven &amp#27;[0m&amp#27;[32maucun element n existe dans l API&amp#27;[0m                              &amp#27;[90m# com.example.demoapi.bdd.DemoApiStepDefinitions.noItemExists()&amp#27;[0m
  &amp#27;[32mWhen &amp#27;[0m&amp#27;[32mje cree un element avec le libelle &amp#27;[0m&amp#27;[32m&amp#27;[1m""&amp#27;[0m                           &amp#27;[90m# com.example.demoapi.bdd.DemoApiStepDefinitions.createItemWithLabel(java.lang.String)&amp#27;[0m
  &amp#27;[32mThen &amp#27;[0m&amp#27;[32mla reponse HTTP doit etre &amp#27;[0m&amp#27;[32m&amp#27;[1m400&amp#27;[0m                                   &amp#27;[90m# com.example.demoapi.bdd.DemoApiStepDefinitions.responseStatusShouldBe(int)&amp#27;[0m
]]></system-out>
  </testcase>
  <testcase name="Recuperation d une liste d elements prepares avec une table" classname="RunCucumberTest" time="0.055">
    <system-out><![CDATA[2026-06-12T14:10:52.362+02:00  INFO 6136 --- [demo-api-spring-tdd-bdd] [           main] t.c.s.AnnotationConfigContextLoaderUtils : Could not detect default configuration classes for test class [com.example.demoapi.bdd.CucumberSpringConfiguration]: CucumberSpringConfiguration does not declare any static, non-private, non-final, nested classes annotated with @Configuration.
2026-06-12T14:10:52.363+02:00  INFO 6136 --- [demo-api-spring-tdd-bdd] [           main] .b.t.c.SpringBootTestContextBootstrapper : Found @SpringBootConfiguration com.example.demoapi.DemoApiApplication for test class com.example.demoapi.bdd.CucumberSpringConfiguration

Scenario: Recuperation d une liste d elements prepares avec une table &amp#27;[90m# features/demo-api.feature:40&amp#27;[0m
  &amp#27;[32mGiven &amp#27;[0m&amp#27;[32maucun element n existe dans l API&amp#27;[0m                             &amp#27;[90m# com.example.demoapi.bdd.DemoApiStepDefinitions.noItemExists()&amp#27;[0m
  &amp#27;[32mAnd &amp#27;[0m&amp#27;[32mles elements suivants existent dans l API&amp#27;[0m                       &amp#27;[90m# com.example.demoapi.bdd.DemoApiStepDefinitions.followingItemsExist(io.cucumber.datatable.DataTable)&amp#27;[0m
    | label     |
    | premier   |
    | deuxieme  |
    | troisieme |
  &amp#27;[32mWhen &amp#27;[0m&amp#27;[32mje demande la liste des elements&amp#27;[0m                               &amp#27;[90m# com.example.demoapi.bdd.DemoApiStepDefinitions.getAllItems()&amp#27;[0m
  &amp#27;[32mThen &amp#27;[0m&amp#27;[32mla reponse HTTP doit etre &amp#27;[0m&amp#27;[32m&amp#27;[1m200&amp#27;[0m                                  &amp#27;[90m# com.example.demoapi.bdd.DemoApiStepDefinitions.responseStatusShouldBe(int)&amp#27;[0m
  &amp#27;[32mAnd &amp#27;[0m&amp#27;[32mla reponse contient &amp#27;[0m&amp#27;[32m&amp#27;[1m3&amp#27;[0m&amp#27;[32m elements&amp#27;[0m                                  &amp#27;[90m# com.example.demoapi.bdd.DemoApiStepDefinitions.responseShouldContainItemCount(int)&amp#27;[0m
  &amp#27;[32mAnd &amp#27;[0m&amp#27;[32mla reponse contient au moins le libelle &amp#27;[0m&amp#27;[32m&amp#27;[1m"premier"&amp#27;[0m               &amp#27;[90m# com.example.demoapi.bdd.DemoApiStepDefinitions.responseShouldContainAtLeastLabel(java.lang.String)&amp#27;[0m
  &amp#27;[32mAnd &amp#27;[0m&amp#27;[32mla reponse contient au moins le libelle &amp#27;[0m&amp#27;[32m&amp#27;[1m"deuxieme"&amp#27;[0m              &amp#27;[90m# com.example.demoapi.bdd.DemoApiStepDefinitions.responseShouldContainAtLeastLabel(java.lang.String)&amp#27;[0m
  &amp#27;[32mAnd &amp#27;[0m&amp#27;[32mla reponse contient au moins le libelle &amp#27;[0m&amp#27;[32m&amp#27;[1m"troisieme"&amp#27;[0m             &amp#27;[90m# com.example.demoapi.bdd.DemoApiStepDefinitions.responseShouldContainAtLeastLabel(java.lang.String)&amp#27;[0m
]]></system-out>
  </testcase>
</testsuite>